<?xml version="1.0" encoding="UTF-8"?>
<!-- Generated by org.testng.reporters.JUnitXMLReporter -->
<testsuite ignored="0" hostname="Akash96" failures="0" tests="3" name="Default test" time="0.093" errors="0" timestamp="2021-10-30T17:05:00 IST">
  <testcase classname="TestPackage.FbTestClass" name="@BeforeClass beforeClass" time="-1.635593700483E9">
    <failure type="org.testng.TestNGException" message="
Parameter &amp;apos;Browser&amp;apos; is required by BeforeClass on method beforeClass but has not been marked @Optional or defined
in C:\Users\dell\AppData\Local\Temp\testng-eclipse-1200847285\testng-customsuite.xml">
      <![CDATA[org.testng.TestNGException: 
Parameter 'Browser' is required by BeforeClass on method beforeClass but has not been marked @Optional or defined
in C:\Users\dell\AppData\Local\Temp\testng-eclipse-1200847285\testng-customsuite.xml
at org.testng.internal.Parameters.createParams(Parameters.java:270)
at org.testng.internal.Parameters.createParametersForMethod(Parameters.java:358)
at org.testng.internal.Parameters.createParameters(Parameters.java:700)
at org.testng.internal.Parameters.createConfigurationParameters(Parameters.java:168)
at org.testng.internal.ConfigInvoker.invokeConfigurations(ConfigInvoker.java:302)
at org.testng.internal.TestMethodWorker.invokeBeforeClassMethods(TestMethodWorker.java:176)
at org.testng.internal.TestMethodWorker.run(TestMethodWorker.java:122)
at java.base/java.util.ArrayList.forEach(ArrayList.java:1511)
at org.testng.TestRunner.privateRun(TestRunner.java:794)
at org.testng.TestRunner.run(TestRunner.java:596)
at org.testng.SuiteRunner.runTest(SuiteRunner.java:377)
at org.testng.SuiteRunner.runSequentially(SuiteRunner.java:371)
at org.testng.SuiteRunner.privateRun(SuiteRunner.java:332)
at org.testng.SuiteRunner.run(SuiteRunner.java:276)
at org.testng.SuiteRunnerWorker.runSuite(SuiteRunnerWorker.java:53)
at org.testng.SuiteRunnerWorker.run(SuiteRunnerWorker.java:96)
at org.testng.TestNG.runSuitesSequentially(TestNG.java:1212)
at org.testng.TestNG.runSuitesLocally(TestNG.java:1134)
at org.testng.TestNG.runSuites(TestNG.java:1063)
at org.testng.TestNG.run(TestNG.java:1031)
at org.testng.remote.AbstractRemoteTestNG.run(AbstractRemoteTestNG.java:115)
at org.testng.remote.RemoteTestNG.initAndRun(RemoteTestNG.java:251)
at org.testng.remote.RemoteTestNG.main(RemoteTestNG.java:77)
]]>
    </failure>
  </testcase> <!-- @BeforeClass beforeClass -->
  <testcase classname="TestPackage.FbTestClass" name="@BeforeMethod beforeMethod" time="-1.635593700515E9">
    <skipped/>
  </testcase> <!-- @BeforeMethod beforeMethod -->
  <testcase classname="TestPackage.FbTestClass" name="@AfterMethod afterMethod" time="-1.635593700524E9">
    <skipped/>
  </testcase> <!-- @AfterMethod afterMethod -->
  <testcase classname="TestPackage.FbTestClass" name="@BeforeMethod beforeMethod" time="-1.63559370053E9">
    <skipped/>
  </testcase> <!-- @BeforeMethod beforeMethod -->
  <testcase classname="TestPackage.FbTestClass" name="@AfterMethod afterMethod" time="-1.63559370054E9">
    <skipped/>
  </testcase> <!-- @AfterMethod afterMethod -->
  <testcase classname="TestPackage.FbTestClass" name="@BeforeMethod beforeMethod" time="-1.635593700544E9">
    <skipped/>
  </testcase> <!-- @BeforeMethod beforeMethod -->
  <testcase classname="TestPackage.FbTestClass" name="@AfterMethod afterMethod" time="-1.635593700549E9">
    <skipped/>
  </testcase> <!-- @AfterMethod afterMethod -->
  <testcase classname="TestPackage.FbTestClass" name="@AfterClass afterClass" time="-1.635593700552E9">
    <skipped/>
  </testcase> <!-- @AfterClass afterClass -->
  <testcase classname="TestPackage.FbTestClass" name="verifyWatch" time="0.0">
    <skipped/>
  </testcase> <!-- verifyWatch -->
  <testcase classname="TestPackage.FbTestClass" name="testpost" time="0.0">
    <skipped/>
  </testcase> <!-- testpost -->
  <testcase classname="TestPackage.FbTestClass" name="testProfile" time="0.0">
    <skipped/>
  </testcase> <!-- testProfile -->
</testsuite> <!-- Default test -->
