<?xml version="1.0" encoding="UTF-8"?>
<!-- Generated by org.testng.reporters.JUnitXMLReporter -->
<testsuite ignored="0" hostname="Akash96" failures="0" tests="3" name="Test" time="57.826" errors="0" timestamp="2021-10-31T00:31:15 IST">
  <testcase classname="TestPackage.FbTestClass" name="verifyWatch" time="15.315"/>
  <testcase classname="TestPackage.FbTestClass" name="testpost" time="6.54"/>
  <testcase classname="TestPackage.FbTestClass" name="testProfile" time="6.109"/>
</testsuite> <!-- Test -->
